# JRE version: OpenJDK Runtime Environment (8.0_242-b01) (build 1.8.0_242-release-1644-b01)
# Java VM: OpenJDK 64-Bit Server VM (25.242-b01 mixed mode windows-amd64 compressed oops)
Heap:
 PSYoungGen      total 367616K, used 245314K [0x00000000d5580000, 0x00000000ee400000, 0x0000000100000000)
  eden space 349696K, 70% used [0x00000000d5580000,0x00000000e4560cc8,0x00000000eab00000)
  from space 17920K, 0% used [0x00000000ed280000,0x00000000ed280000,0x00000000ee400000)
  to   space 29184K, 0% used [0x00000000eab00000,0x00000000eab00000,0x00000000ec780000)
 ParOldGen       total 150016K, used 44991K [0x0000000080000000, 0x0000000089280000, 0x00000000d5580000)
  object space 150016K, 29% used [0x0000000080000000,0x0000000082befea8,0x0000000089280000)
 Metaspace       used 92552K, capacity 97148K, committed 99404K, reserved 1134592K
  class space    used 12118K, capacity 12972K, committed 13568K, reserved 1048576K
GC Heap History (10 events):
Event: 8.546 GC heap before
{Heap before GC invocations=16 (full 3):
 PSYoungGen      total 249856K, used 229888K [0x00000000d5580000, 0x00000000e6600000, 0x0000000100000000)
  eden space 229888K, 100% used [0x00000000d5580000,0x00000000e3600000,0x00000000e3600000)
  from space 19968K, 0% used [0x00000000e4980000,0x00000000e4980000,0x00000000e5d00000)
  to   space 19968K, 0% used [0x00000000e3600000,0x00000000e3600000,0x00000000e4980000)
 ParOldGen       total 105472K, used 29365K [0x0000000080000000, 0x0000000086700000, 0x00000000d5580000)
  object space 105472K, 27% used [0x0000000080000000,0x0000000081cad7e0,0x0000000086700000)
 Metaspace       used 65400K, capacity 68784K, committed 69080K, reserved 1107968K
  class space    used 9038K, capacity 9661K, committed 9728K, reserved 1048576K
Event: 8.582 GC heap after
Heap after GC invocations=16 (full 3):
 PSYoungGen      total 249856K, used 16026K [0x00000000d5580000, 0x00000000ea380000, 0x0000000100000000)
  eden space 229888K, 0% used [0x00000000d5580000,0x00000000d5580000,0x00000000e3600000)
  from space 19968K, 80% used [0x00000000e3600000,0x00000000e45a6868,0x00000000e4980000)
  to   space 22016K, 0% used [0x00000000e8e00000,0x00000000e8e00000,0x00000000ea380000)
 ParOldGen       total 105472K, used 29373K [0x0000000080000000, 0x0000000086700000, 0x00000000d5580000)
  object space 105472K, 27% used [0x0000000080000000,0x0000000081caf7e0,0x0000000086700000)
 Metaspace       used 65400K, capacity 68784K, committed 69080K, reserved 1107968K
  class space    used 9038K, capacity 9661K, committed 9728K, reserved 1048576K
}
Event: 11.751 GC heap before
{Heap before GC invocations=17 (full 3):
 PSYoungGen      total 249856K, used 245914K [0x00000000d5580000, 0x00000000ea380000, 0x0000000100000000)
  eden space 229888K, 100% used [0x00000000d5580000,0x00000000e3600000,0x00000000e3600000)
  from space 19968K, 80% used [0x00000000e3600000,0x00000000e45a6868,0x00000000e4980000)
  to   space 22016K, 0% used [0x00000000e8e00000,0x00000000e8e00000,0x00000000ea380000)
 ParOldGen       total 105472K, used 29373K [0x0000000080000000, 0x0000000086700000, 0x00000000d5580000)
  object space 105472K, 27% used [0x0000000080000000,0x0000000081caf7e0,0x0000000086700000)
 Metaspace       used 71556K, capacity 75200K, committed 75480K, reserved 1114112K
  class space    used 9765K, capacity 10413K, committed 10496K, reserved 1048576K
Event: 11.807 GC heap after
Heap after GC invocations=17 (full 3):
 PSYoungGen      total 311808K, used 15190K [0x00000000d5580000, 0x00000000ea080000, 0x0000000100000000)
  eden space 292864K, 0% used [0x00000000d5580000,0x00000000d5580000,0x00000000e7380000)
  from space 18944K, 80% used [0x00000000e8e00000,0x00000000e9cd5a30,0x00000000ea080000)
  to   space 23040K, 0% used [0x00000000e7380000,0x00000000e7380000,0x00000000e8a00000)
 ParOldGen       total 105472K, used 38974K [0x0000000080000000, 0x0000000086700000, 0x00000000d5580000)
  object space 105472K, 36% used [0x0000000080000000,0x000000008260fa78,0x0000000086700000)
 Metaspace       used 71556K, capacity 75200K, committed 75480K, reserved 1114112K
  class space    used 9765K, capacity 10413K, committed 10496K, reserved 1048576K
}
Event: 280.502 GC heap before
{Heap before GC invocations=18 (full 3):
 PSYoungGen      total 311808K, used 308054K [0x00000000d5580000, 0x00000000ea080000, 0x0000000100000000)
  eden space 292864K, 100% used [0x00000000d5580000,0x00000000e7380000,0x00000000e7380000)
  from space 18944K, 80% used [0x00000000e8e00000,0x00000000e9cd5a30,0x00000000ea080000)
  to   space 23040K, 0% used [0x00000000e7380000,0x00000000e7380000,0x00000000e8a00000)
 ParOldGen       total 105472K, used 38974K [0x0000000080000000, 0x0000000086700000, 0x00000000d5580000)
  object space 105472K, 36% used [0x0000000080000000,0x000000008260fa78,0x0000000086700000)
 Metaspace       used 91715K, capacity 97422K, committed 97752K, reserved 1134592K
  class space    used 12398K, capacity 13487K, committed 13568K, reserved 1048576K
Event: 280.818 GC heap after
Heap after GC invocations=18 (full 3):
 PSYoungGen      total 315904K, used 23024K [0x00000000d5580000, 0x00000000eee80000, 0x0000000100000000)
  eden space 292864K, 0% used [0x00000000d5580000,0x00000000d5580000,0x00000000e7380000)
  from space 23040K, 99% used [0x00000000e7380000,0x00000000e89fc268,0x00000000e8a00000)
  to   space 28672K, 0% used [0x00000000ed280000,0x00000000ed280000,0x00000000eee80000)
 ParOldGen       total 105472K, used 45679K [0x0000000080000000, 0x0000000086700000, 0x00000000d5580000)
  object space 105472K, 43% used [0x0000000080000000,0x0000000082c9bc08,0x0000000086700000)
 Metaspace       used 91715K, capacity 97422K, committed 97752K, reserved 1134592K
  class space    used 12398K, capacity 13487K, committed 13568K, reserved 1048576K
}
Event: 590.959 GC heap before
{Heap before GC invocations=19 (full 3):
 PSYoungGen      total 315904K, used 305681K [0x00000000d5580000, 0x00000000eee80000, 0x0000000100000000)
  eden space 292864K, 96% used [0x00000000d5580000,0x00000000e6988258,0x00000000e7380000)
  from space 23040K, 99% used [0x00000000e7380000,0x00000000e89fc268,0x00000000e8a00000)
  to   space 28672K, 0% used [0x00000000ed280000,0x00000000ed280000,0x00000000eee80000)
 ParOldGen       total 105472K, used 45679K [0x0000000080000000, 0x0000000086700000, 0x00000000d5580000)
  object space 105472K, 43% used [0x0000000080000000,0x0000000082c9bc08,0x0000000086700000)
 Metaspace       used 92507K, capacity 98314K, committed 98380K, reserved 1134592K
  class space    used 12427K, capacity 13529K, committed 13568K, reserved 1048576K
Event: 591.080 GC heap after
Heap after GC invocations=19 (full 3):
 PSYoungGen      total 367616K, used 768K [0x00000000d5580000, 0x00000000ee400000, 0x0000000100000000)
  eden space 349696K, 0% used [0x00000000d5580000,0x00000000d5580000,0x00000000eab00000)
  from space 17920K, 4% used [0x00000000ed280000,0x00000000ed340000,0x00000000ee400000)
  to   space 29184K, 0% used [0x00000000eab00000,0x00000000eab00000,0x00000000ec780000)
 ParOldGen       total 105472K, used 58237K [0x0000000080000000, 0x0000000086700000, 0x00000000d5580000)
  object space 105472K, 55% used [0x0000000080000000,0x00000000838df4c0,0x0000000086700000)
 Metaspace       used 92507K, capacity 98314K, committed 98380K, reserved 1134592K
  class space    used 12427K, capacity 13529K, committed 13568K, reserved 1048576K
}
Event: 591.080 GC heap before
{Heap before GC invocations=20 (full 4):
 PSYoungGen      total 367616K, used 768K [0x00000000d5580000, 0x00000000ee400000, 0x0000000100000000)
  eden space 349696K, 0% used [0x00000000d5580000,0x00000000d5580000,0x00000000eab00000)
  from space 17920K, 4% used [0x00000000ed280000,0x00000000ed340000,0x00000000ee400000)
  to   space 29184K, 0% used [0x00000000eab00000,0x00000000eab00000,0x00000000ec780000)
 ParOldGen       total 105472K, used 58237K [0x0000000080000000, 0x0000000086700000, 0x00000000d5580000)
  object space 105472K, 55% used [0x0000000080000000,0x00000000838df4c0,0x0000000086700000)
 Metaspace       used 92507K, capacity 98314K, committed 98380K, reserved 1134592K
  class space    used 12427K, capacity 13529K, committed 13568K, reserved 1048576K
Event: 591.785 GC heap after
Heap after GC invocations=20 (full 4):
 PSYoungGen      total 367616K, used 0K [0x00000000d5580000, 0x00000000ee400000, 0x0000000100000000)
  eden space 349696K, 0% used [0x00000000d5580000,0x00000000d5580000,0x00000000eab00000)
  from space 17920K, 0% used [0x00000000ed280000,0x00000000ed280000,0x00000000ee400000)
  to   space 29184K, 0% used [0x00000000eab00000,0x00000000eab00000,0x00000000ec780000)
 ParOldGen       total 150016K, used 44991K [0x0000000080000000, 0x0000000089280000, 0x00000000d5580000)
  object space 150016K, 29% used [0x0000000080000000,0x0000000082befea8,0x0000000089280000)
 Metaspace       used 91489K, capacity 95762K, committed 98380K, reserved 1134592K
  class space    used 12069K, capacity 12893K, committed 13568K, reserved 1048576K
}

